<?xml version="1.0" encoding="UTF-8"?>
<!-- Generated by org.testng.reporters.JUnitReportReporter -->
<testsuite skipped="0" hostname="MYSHEC217881L" name="com.seleniumpoc.infy.seleniumpoc.calendarexamp" tests="1" failures="0" timestamp="10 May 2020 06:40:24 GMT" time="5.434" errors="0">
  <testcase name="dateSelector" time="5.434" classname="com.seleniumpoc.infy.seleniumpoc.calendarexamp"/>
</testsuite> <!-- com.seleniumpoc.infy.seleniumpoc.calendarexamp -->
