<?xml version="1.0" encoding="UTF-8"?>
<!-- Generated by org.testng.reporters.JUnitReportReporter -->
<testsuite skipped="0" hostname="MYSHEC217881L" name="com.seleniumpoc.infy.seleniumpoc.test44" tests="1" failures="0" timestamp="10 May 2020 16:58:02 GMT" time="18.993" errors="0">
  <testcase name="ff" time="18.993" classname="com.seleniumpoc.infy.seleniumpoc.test44"/>
</testsuite> <!-- com.seleniumpoc.infy.seleniumpoc.test44 -->
