<?xml version="1.0" encoding="UTF-8"?>
<!-- Generated by org.testng.reporters.JUnitReportReporter -->
<testsuite skipped="0" hostname="MYSHEC217881L" name="com.test.sample.test12" tests="1" failures="0" timestamp="2020-08-17T11:22:32 IST" time="0.020" errors="0">
  <testcase name="test34" time="0.020" classname="com.test.sample.test12"/>
</testsuite> <!-- com.test.sample.test12 -->
