<?xml version="1.0" encoding="UTF-8"?>
<!-- Generated by org.testng.reporters.JUnitReportReporter -->
<testsuite skipped="0" hostname="MYSHEC217881L" name="com.seleniumpoc.infy.seleniumpoc.ifranetutorial" tests="1" failures="0" timestamp="10 May 2020 16:32:32 GMT" time="17.612" errors="0">
  <testcase name="tt" time="17.612" classname="com.seleniumpoc.infy.seleniumpoc.ifranetutorial"/>
</testsuite> <!-- com.seleniumpoc.infy.seleniumpoc.ifranetutorial -->
