<?xml version="1.0" encoding="UTF-8"?>
<!-- Generated by org.testng.reporters.JUnitReportReporter -->
<testsuite skipped="0" hostname="MYSHEC217881L" name="com.test.sample.test123" tests="1" failures="0" timestamp="2020-08-21T11:41:44 IST" time="40.255" errors="0">
  <testcase name="jj" time="40.255" classname="com.test.sample.test123"/>
</testsuite> <!-- com.test.sample.test123 -->
