<?xml version="1.0" encoding="UTF-8"?>
<!-- Generated by org.testng.reporters.JUnitReportReporter -->
<testsuite skipped="0" hostname="MYSHEC217881L" name="com.seleniumpoc.infy.seleniumpoc.test2" tests="2" failures="0" timestamp="08 May 2020 12:09:03 GMT" time="36.466" errors="0">
  <testcase name="test2" time="12.073" classname="com.seleniumpoc.infy.seleniumpoc.test2"/>
  <testcase name="test1" time="24.393" classname="com.seleniumpoc.infy.seleniumpoc.test2"/>
</testsuite> <!-- com.seleniumpoc.infy.seleniumpoc.test2 -->
