<?xml version="1.0" encoding="UTF-8"?>
<!-- Generated by org.testng.reporters.JUnitReportReporter -->
<testsuite skipped="0" hostname="MYSHEC217881L" name="com.seleniumpoc.infy.seleniumpoc.NewTest12" tests="1" failures="0" timestamp="2020-08-08T21:03:40 IST" time="30.774" errors="0">
  <testcase name="f" time="30.774" classname="com.seleniumpoc.infy.seleniumpoc.NewTest12"/>
</testsuite> <!-- com.seleniumpoc.infy.seleniumpoc.NewTest12 -->
