<?xml version="1.0" encoding="UTF-8"?>
<!-- Generated by org.testng.reporters.JUnitReportReporter -->
<testsuite skipped="0" hostname="MYSHEC217881L" name="com.test.sample.test1" tests="1" failures="0" timestamp="2020-08-23T19:57:51 IST" time="0.006" errors="0">
  <testcase name="t5" time="0.006" classname="com.test.sample.test1"/>
</testsuite> <!-- com.test.sample.test1 -->
