<?xml version="1.0" encoding="UTF-8"?>
<!-- Generated by org.testng.reporters.JUnitReportReporter -->
<testsuite skipped="0" hostname="MYSHEC217881L" name="com.seleniumpoc.infy.seleniumpoc.test445" tests="1" failures="0" timestamp="18 May 2020 18:27:04 GMT" time="11.383" errors="0">
  <testcase name="gg" time="11.383" classname="com.seleniumpoc.infy.seleniumpoc.test445"/>
</testsuite> <!-- com.seleniumpoc.infy.seleniumpoc.test445 -->
