<?xml version="1.0" encoding="UTF-8"?>
<!-- Generated by org.testng.reporters.JUnitReportReporter -->
<testsuite skipped="0" hostname="MYSHEC217881L" name="com.seleniumpoc.infy.seleniumpoc.Test22" tests="2" failures="0" timestamp="09 May 2020 15:22:32 GMT" time="6.313" errors="0">
  <testcase name="btest221" time="3.165" classname="com.seleniumpoc.infy.seleniumpoc.Test22"/>
  <testcase name="atest221" time="3.148" classname="com.seleniumpoc.infy.seleniumpoc.Test22"/>
</testsuite> <!-- com.seleniumpoc.infy.seleniumpoc.Test22 -->
