<?xml version="1.0" encoding="UTF-8"?>
<!-- Generated by org.testng.reporters.JUnitReportReporter -->
<testsuite skipped="0" hostname="MYSHEC217881L" name="com.seleniumpoc.infy.seleniumpoc.sampletest" tests="1" failures="0" timestamp="06 May 2020 05:53:46 GMT" time="18.581" errors="0">
  <testcase name="f" time="18.581" classname="com.seleniumpoc.infy.seleniumpoc.sampletest"/>
</testsuite> <!-- com.seleniumpoc.infy.seleniumpoc.sampletest -->
